Memory Device
	Total Width: 32 bits
	Data Width: 32 bits
	Size: 1024 MB
	Form Factor: DIMM
	Set: None
	Locator: DIMM #0
	Bank Locator: BANK #0
	Type: DRAM
	Type Detail: EDO
	Speed: 667 MHz
	Manufacturer: Not Specified
	Serial Number: Not Specified
	Asset Tag: Not Specified
	Part Number: Not Specified
	Rank: Unknown

Memory Device
	Total Width: 32 bits
	Data Width: 32 bits
	Size: No Module Installed
	Form Factor: DIMM
	Set: None
	Locator: DIMM #1
	Bank Locator: BANK #1
	Type: DRAM
	Type Detail: EDO
	Speed: 667 MHz
	Manufacturer: Not Specified
	Serial Number: Not Specified
	Asset Tag: Not Specified
	Part Number: Not Specified
	Rank: Unknown

Memory Device
	Total Width: 32 bits
	Data Width: 32 bits
	Size: No Module Installed
	Form Factor: DIMM
	Set: None
	Locator: DIMM #2
	Bank Locator: BANK #2
	Type: DRAM
	Type Detail: EDO
	Speed: 667 MHz
	Manufacturer: Not Specified
	Serial Number: Not Specified
	Asset Tag: Not Specified
	Part Number: Not Specified
	Rank: Unknown

Memory Device
	Total Width: 32 bits
	Data Width: 32 bits
	Size: No Module Installed
	Form Factor: DIMM
	Set: None
	Locator: DIMM #3
	Bank Locator: BANK #3
	Type: DRAM
	Type Detail: EDO
	Speed: 667 MHz
	Manufacturer: Not Specified
	Serial Number: Not Specified
	Asset Tag: Not Specified
	Part Number: Not Specified
	Rank: Unknown

Memory Device
	Total Width: 32 bits
	Data Width: 32 bits
	Size: No Module Installed
	Form Factor: DIMM
	Set: None
	Locator: DIMM #4
	Bank Locator: BANK #4
	Type: DRAM
	Type Detail: EDO
	Speed: 667 MHz
	Manufacturer: Not Specified
	Serial Number: Not Specified
	Asset Tag: Not Specified
	Part Number: Not Specified
	Rank: Unknown

Memory Device
	Total Width: 32 bits
	Data Width: 32 bits
	Size: No Module Installed
	Form Factor: DIMM
	Set: None
	Locator: DIMM #5
	Bank Locator: BANK #5
	Type: DRAM
	Type Detail: EDO
	Speed: 667 MHz
	Manufacturer: Not Specified
	Serial Number: Not Specified
	Asset Tag: Not Specified
	Part Number: Not Specified
	Rank: Unknown

Memory Device
	Total Width: 32 bits
	Data Width: 32 bits
	Size: No Module Installed
	Form Factor: DIMM
	Set: None
	Locator: DIMM #6
	Bank Locator: BANK #6
	Type: DRAM
	Type Detail: EDO
	Speed: 667 MHz
	Manufacturer: Not Specified
	Serial Number: Not Specified
	Asset Tag: Not Specified
	Part Number: Not Specified
	Rank: Unknown

Memory Device
	Total Width: 32 bits
	Data Width: 32 bits
	Size: No Module Installed
	Form Factor: DIMM
	Set: None
	Locator: DIMM #7
	Bank Locator: BANK #7
	Type: DRAM
	Type Detail: EDO
	Speed: 667 MHz
	Manufacturer: Not Specified
	Serial Number: Not Specified
	Asset Tag: Not Specified
	Part Number: Not Specified
	Rank: Unknown